1/72                   
2/72 [unnamed-chunk-1] 
3/72                   
4/72 [unnamed-chunk-2] 
5/72                   
6/72 [unnamed-chunk-3] 
7/72                   
8/72 [unnamed-chunk-4] 
9/72                   
10/72 [setup]           
11/72                   
12/72 [unnamed-chunk-5] 
13/72                   
14/72 [unnamed-chunk-6] 
15/72                   
16/72 [unnamed-chunk-7] 
17/72                   
18/72 [unnamed-chunk-8] 
19/72                   
20/72 [unnamed-chunk-9] 
21/72                   
22/72 [unnamed-chunk-10]
23/72                   
24/72 [unnamed-chunk-11]
25/72                   
26/72 [unnamed-chunk-12]
27/72                   
28/72 [unnamed-chunk-13]
29/72                   
30/72 [unnamed-chunk-14]
31/72                   
32/72 [unnamed-chunk-15]
33/72                   
34/72 [unnamed-chunk-16]
35/72                   
36/72 [unnamed-chunk-17]
37/72                   
38/72 [unnamed-chunk-18]
39/72                   
40/72 [unnamed-chunk-19]
41/72                   
42/72 [unnamed-chunk-20]
43/72                   
44/72 [unnamed-chunk-21]
45/72                   
46/72 [unnamed-chunk-22]
47/72                   
48/72 [unnamed-chunk-23]
49/72                   
50/72 [unnamed-chunk-24]
51/72                   
52/72 [unnamed-chunk-25]
53/72                   
54/72 [unnamed-chunk-26]
55/72                   
56/72 [unnamed-chunk-27]
57/72                   
58/72 [unnamed-chunk-28]
59/72                   
60/72 [unnamed-chunk-29]
61/72                   
62/72 [unnamed-chunk-30]
63/72                   
64/72 [unnamed-chunk-31]
65/72                   
66/72 [unnamed-chunk-32]
67/72                   
68/72 [unnamed-chunk-33]
69/72                   
70/72 [unnamed-chunk-34]
71/72                   
72/72 [unnamed-chunk-35]
/usr/local/bin/pandoc +RTS -K512m -RTS study.parameterised.knit.md --to html4 --from markdown+autolink_bare_uris+tex_math_single_backslash --output study.html --lua-filter /usr/local/lib/R/library/rmarkdown/rmarkdown/lua/pagebreak.lua --lua-filter /usr/local/lib/R/library/rmarkdown/rmarkdown/lua/latex-div.lua --self-contained --variable bs3=TRUE --section-divs --table-of-contents --toc-depth 4 --variable toc_float=1 --variable toc_selectors=h1,h2,h3,h4 --variable toc_collapsed=1 --variable toc_smooth_scroll=1 --variable toc_print=1 --template /usr/local/lib/R/library/rmarkdown/rmd/h/default.html --highlight-style pygments --variable theme=bootstrap --mathjax --variable 'mathjax-url=https://mathjax.rstudio.com/latest/MathJax.js?config=TeX-AMS-MML_HTMLorMML' --include-in-header /tmp/RtmpiUvi0T/rmarkdown-strc35901ef42.html 
